<?xml version="1.0" encoding="UTF-8"?>
<!-- Generated by org.testng.reporters.JUnitReportReporter -->
<testsuite skipped="0" hostname="DESKTOP-9BMLCIN" name="fb" tests="1" failures="0" timestamp="04 Sep 2018 05:16:04 GMT" time="18.749" errors="0">
  <testcase name="testCase1" time="18.749" classname="fb"/>
</testsuite> <!-- fb -->
