<?xml version="1.0" encoding="UTF-8"?>
<!-- Generated by org.testng.reporters.JUnitReportReporter -->
<testsuite skipped="1" hostname="DESKTOP-9BMLCIN" name="skipcase" tests="3" failures="0" timestamp="06 Sep 2018 07:09:35 GMT" time="0.032" errors="0">
  <testcase name="testCase1" time="0.016" classname="skipcase"/>
  <testcase name="skiptesttt" time="0.016" classname="skipcase"/>
  <testcase name="skiptest" classname="skipcase">
    <skipped/>
  </testcase> <!-- skiptest -->
</testsuite> <!-- skipcase -->
