<?xml version="1.0" encoding="UTF-8"?>
<!-- Generated by org.testng.reporters.JUnitReportReporter -->
<testsuite skipped="0" hostname="DESKTOP-9BMLCIN" name="testng" tests="2" failures="0" timestamp="12 Sep 2018 06:11:07 GMT" time="0.010" errors="0">
  <testcase name="testCase1" time="0.004" classname="testng"/>
  <testcase name="testCase2" time="0.006" classname="testng"/>
</testsuite> <!-- testng -->
