<?xml version="1.0" encoding="UTF-8"?>
<!-- Generated by org.testng.reporters.JUnitReportReporter -->
<testsuite skipped="0" hostname="DESKTOP-9BMLCIN" name="Facebook" tests="1" failures="0" timestamp="06 Sep 2018 10:36:18 GMT" time="26.498" errors="0">
  <testcase name="main" time="26.498" classname="Facebook"/>
</testsuite> <!-- Facebook -->
