<?xml version="1.0" encoding="UTF-8"?>
<!-- Generated by org.testng.reporters.JUnitReportReporter -->
<testsuite skipped="0" hostname="DESKTOP-9BMLCIN" name="fb" tests="1" failures="0" timestamp="30 Oct 2018 09:00:26 GMT" time="34.306" errors="0">
  <testcase name="testCase1" time="34.306" classname="fb"/>
</testsuite> <!-- fb -->
