<?xml version="1.0" encoding="UTF-8"?>
<!-- Generated by org.testng.reporters.JUnitReportReporter -->
<testsuite skipped="0" hostname="DESKTOP-9BMLCIN" name="NewTest" tests="1" failures="0" timestamp="21 Aug 2018 06:14:00 GMT" time="0.009" errors="0">
  <testcase name="testCase1" time="0.009" classname="NewTest"/>
</testsuite> <!-- NewTest -->
