<?xml version="1.0" encoding="UTF-8"?>
<!-- Generated by org.testng.reporters.JUnitReportReporter -->
<testsuite skipped="1" hostname="DESKTOP-9BMLCIN" name="skipcase" tests="3" failures="0" timestamp="12 Sep 2018 07:31:48 GMT" time="0.015" errors="0">
  <testcase name="testCase1" time="0.005" classname="skipcase"/>
  <testcase name="skiptesttt" time="0.010" classname="skipcase"/>
  <testcase name="skiptest" classname="skipcase">
    <skipped/>
  </testcase> <!-- skiptest -->
</testsuite> <!-- skipcase -->
