<?xml version="1.0" encoding="UTF-8"?>
<!-- Generated by org.testng.reporters.JUnitReportReporter -->
<testsuite skipped="0" hostname="DESKTOP-9BMLCIN" name="testng1" tests="2" failures="0" timestamp="03 Sep 2018 06:51:54 GMT" time="0.031" errors="0">
  <testcase name="testCase2" time="0.000" classname="testng1"/>
  <testcase name="testCase1" time="0.031" classname="testng1"/>
</testsuite> <!-- testng1 -->
