<?xml version="1.0" encoding="UTF-8"?>
<!-- Generated by org.testng.reporters.JUnitReportReporter -->
<testsuite skipped="1" hostname="DESKTOP-9BMLCIN" name="NewTest" tests="3" failures="0" timestamp="05 Sep 2018 09:34:21 GMT" time="0.000" errors="0">
  <testcase name="testCase1" time="0.000" classname="NewTest"/>
  <testcase name="testCase2" time="0.000" classname="NewTest"/>
  <testcase name="skiptest" classname="NewTest">
    <skipped/>
  </testcase> <!-- skiptest -->
</testsuite> <!-- NewTest -->
