<?xml version="1.0" encoding="UTF-8"?>
<!-- Generated by org.testng.reporters.JUnitReportReporter -->
<testsuite skipped="0" hostname="DESKTOP-9BMLCIN" name="NewToursDEMO1" tests="1" failures="0" timestamp="12 Nov 2018 11:13:20 GMT" time="70.150" errors="0">
  <testcase name="start" time="70.150" classname="NewToursDEMO1"/>
</testsuite> <!-- NewToursDEMO1 -->
