<?xml version="1.0" encoding="UTF-8"?>
<!-- Generated by org.testng.reporters.JUnitReportReporter -->
<testsuite skipped="0" hostname="DESKTOP-9BMLCIN" name="fb" tests="1" failures="0" timestamp="03 Sep 2018 09:58:29 GMT" time="17.825" errors="0">
  <testcase name="testCase1" time="17.825" classname="fb"/>
</testsuite> <!-- fb -->
