<?xml version="1.0" encoding="UTF-8"?>
<!-- Generated by org.testng.reporters.JUnitReportReporter -->
<testsuite skipped="1" hostname="DESKTOP-9BMLCIN" name="NewTest" tests="3" failures="0" timestamp="12 Sep 2018 07:22:31 GMT" time="0.020" errors="0">
  <testcase name="testCase1" time="0.009" classname="NewTest"/>
  <testcase name="testCase2" time="0.011" classname="NewTest"/>
  <testcase name="skiptest" classname="NewTest">
    <skipped/>
  </testcase> <!-- skiptest -->
</testsuite> <!-- NewTest -->
