<?xml version="1.0" encoding="UTF-8"?>
<!-- Generated by org.testng.reporters.JUnitReportReporter -->
<testsuite skipped="0" hostname="DESKTOP-9BMLCIN" name="testng" tests="2" failures="0" timestamp="03 Sep 2018 07:41:53 GMT" time="0.015" errors="0">
  <testcase name="testCase2" time="0.005" classname="testng"/>
  <testcase name="testCase1" time="0.010" classname="testng"/>
</testsuite> <!-- testng -->
