<?xml version="1.0" encoding="UTF-8"?>
<!-- Generated by org.testng.reporters.JUnitReportReporter -->
<testsuite skipped="0" hostname="DESKTOP-9BMLCIN" name="testng" tests="2" failures="0" timestamp="04 Sep 2018 08:44:08 GMT" time="0.003" errors="0">
  <testcase name="testCase1" time="0.003" classname="testng"/>
  <testcase name="testCase2" time="0.000" classname="testng"/>
</testsuite> <!-- testng -->
